<?xml version="1.0" encoding="UTF-8"?>
<testsuite name="sweta-sahoo"
           tests="14"
           failures="0"
           errors="0"
           skipped="0"
           time="20.140">
    <properties></properties>



            <testcase
                name="getPetName"
                time="0.960"
                classname="ip.swagger.petstore.PetStoreTest">
            </testcase>
            <testcase
                name="removeInvalidPetIdDetails"
                time="1.119"
                classname="ip.swagger.petstore.PetStoreTest">
            </testcase>
            <testcase
                name="modifyPetDetailsInvalidRequest"
                time="0.729"
                classname="ip.swagger.petstore.PetStoreTest">
            </testcase>
            <testcase
                name="addNewPetDetails"
                time="5.620"
                classname="ip.swagger.petstore.PetStoreTest">
            </testcase>
            <testcase
                name="getPetCategoryDetails"
                time="3.008"
                classname="ip.swagger.petstore.PetStoreTest">
            </testcase>
            <testcase
                name="modifyInvalidPetDetails"
                time="1.496"
                classname="ip.swagger.petstore.PetStoreTest">
            </testcase>
            <testcase
                name="getPetDetailsNotFound"
                time="0.811"
                classname="ip.swagger.petstore.PetStoreTest">
            </testcase>
            <testcase
                name="getPetDetailsInvalidRequest"
                time="0.983"
                classname="ip.swagger.petstore.PetStoreTest">
            </testcase>
            <testcase
                name="addPetDetailsWithAlreadyExistingPetID"
                time="1.022"
                classname="ip.swagger.petstore.PetStoreTest">
            </testcase>
            <testcase
                name="getPetDetails"
                time="0.880"
                classname="ip.swagger.petstore.PetStoreTest">
            </testcase>
            <testcase
                name="getPetDetailsInvalidBasePath"
                time="0.861"
                classname="ip.swagger.petstore.PetStoreTest">
            </testcase>
            <testcase
                name="modifyPetDetailsNotFound"
                time="0.806"
                classname="ip.swagger.petstore.PetStoreTest">
            </testcase>
            <testcase
                name="removeFirstPetDetails"
                time="0.922"
                classname="ip.swagger.petstore.PetStoreTest">
            </testcase>
            <testcase
                name="modifyPetDetails"
                time="0.923"
                classname="ip.swagger.petstore.PetStoreTest">
            </testcase>
</testsuite>
